<?xml version="1.0" encoding="UTF-8"?>
<!-- Generated by org.testng.reporters.JUnitReportReporter -->
<testsuite hostname="HaGiang" failures="0" tests="3" name="webdriver.Topic_01_Check_Environment" time="0.190" errors="0" timestamp="6 Sep 2021 03:38:12 GMT">
  <testcase classname="webdriver.Topic_01_Check_Environment" name="TC_03_LoginFormDisplayed" time="0.160"/>
  <testcase classname="webdriver.Topic_01_Check_Environment" name="TC_01_ValidateCurrentUrl" time="0.020"/>
  <testcase classname="webdriver.Topic_01_Check_Environment" name="TC_02_ValidatePageTitle" time="0.010"/>
</testsuite> <!-- webdriver.Topic_01_Check_Environment -->
